<?xml version="1.0" encoding="UTF-8"?>
<testng-results ignored="0" total="1" passed="1" failed="0" skipped="0">
  <reporter-output>
  </reporter-output>
  <suite started-at="2021-09-05T16:30:37 PKT" name="Default suite" finished-at="2021-09-05T16:30:38 PKT" duration-ms="82">
    <groups>
    </groups>
    <test started-at="2021-09-05T16:30:37 PKT" name="Default test" finished-at="2021-09-05T16:30:38 PKT" duration-ms="82">
      <class name="tests.GetandPostExamples">
        <test-method signature="testpost()[pri:0, instance:tests.GetandPostExamples@163e4e87]" started-at="2021-09-05T16:30:38 PKT" name="testpost" finished-at="2021-09-05T16:30:38 PKT" duration-ms="15" status="PASS">
          <reporter-output>
          </reporter-output>
        </test-method> <!-- testpost -->
      </class> <!-- tests.GetandPostExamples -->
    </test> <!-- Default test -->
  </suite> <!-- Default suite -->
</testng-results>
